2024-06-10 10:24:06.751  INFO 14904 --- [restartedMain] c.e.u.UserRegistrationApplication        : Starting UserRegistrationApplication using Java 17.0.1 on LFR051660 with PID 14904 (C:\Users\mtamedi\IdeaProjects\capgemini_sophia\tp perso\user-registration\target\classes started by mtamedi in C:\Users\mtamedi\IdeaProjects\capgemini_sophia\tp perso\user-registration)
2024-06-10 10:24:06.753  INFO 14904 --- [restartedMain] c.e.u.UserRegistrationApplication        : No active profile set, falling back to 1 default profile: "default"
2024-06-10 10:24:06.805  INFO 14904 --- [restartedMain] .e.DevToolsPropertyDefaultsPostProcessor : Devtools property defaults active! Set 'spring.devtools.add-properties' to 'false' to disable
2024-06-10 10:24:06.805  INFO 14904 --- [restartedMain] .e.DevToolsPropertyDefaultsPostProcessor : For additional web related logging consider setting the 'logging.level.web' property to 'DEBUG'
2024-06-10 10:24:07.350  INFO 14904 --- [restartedMain] .s.d.r.c.RepositoryConfigurationDelegate : Bootstrapping Spring Data MongoDB repositories in DEFAULT mode.
2024-06-10 10:24:07.390  INFO 14904 --- [restartedMain] .s.d.r.c.RepositoryConfigurationDelegate : Finished Spring Data repository scanning in 36 ms. Found 1 MongoDB repository interfaces.
2024-06-10 10:24:07.810  INFO 14904 --- [restartedMain] o.s.b.w.embedded.tomcat.TomcatWebServer  : Tomcat initialized with port(s): 8080 (http)
2024-06-10 10:24:07.818  INFO 14904 --- [restartedMain] o.apache.catalina.core.StandardService   : Starting service [Tomcat]
2024-06-10 10:24:07.818  INFO 14904 --- [restartedMain] org.apache.catalina.core.StandardEngine  : Starting Servlet engine: [Apache Tomcat/9.0.62]
2024-06-10 10:24:07.892  INFO 14904 --- [restartedMain] o.a.c.c.C.[Tomcat].[localhost].[/]       : Initializing Spring embedded WebApplicationContext
2024-06-10 10:24:07.892  INFO 14904 --- [restartedMain] w.s.c.ServletWebServerApplicationContext : Root WebApplicationContext: initialization completed in 1058 ms
2024-06-10 10:24:08.006  INFO 14904 --- [restartedMain] org.mongodb.driver.cluster               : Cluster created with settings {hosts=[localhost:27017], mode=SINGLE, requiredClusterType=UNKNOWN, serverSelectionTimeout='30000 ms'}
2024-06-10 10:24:08.091  INFO 14904 --- [cluster-rtt-ClusterId{value='6666b828809b112ea67be5e8', description='null'}-localhost:27017] org.mongodb.driver.connection            : Opened connection [connectionId{localValue:1, serverValue:43}] to localhost:27017
2024-06-10 10:24:08.091  INFO 14904 --- [cluster-ClusterId{value='6666b828809b112ea67be5e8', description='null'}-localhost:27017] org.mongodb.driver.connection            : Opened connection [connectionId{localValue:2, serverValue:42}] to localhost:27017
2024-06-10 10:24:08.093  INFO 14904 --- [cluster-ClusterId{value='6666b828809b112ea67be5e8', description='null'}-localhost:27017] org.mongodb.driver.cluster               : Monitor thread successfully connected to server with description ServerDescription{address=localhost:27017, type=STANDALONE, state=CONNECTED, ok=true, minWireVersion=0, maxWireVersion=13, maxDocumentSize=16777216, logicalSessionTimeoutMinutes=30, roundTripTimeNanos=43569800}
2024-06-10 10:24:08.197  INFO 14904 --- [restartedMain] o.s.b.d.a.OptionalLiveReloadServer       : LiveReload server is running on port 35729
2024-06-10 10:24:08.674  INFO 14904 --- [restartedMain] o.s.b.w.embedded.tomcat.TomcatWebServer  : Tomcat started on port(s): 8080 (http) with context path ''
2024-06-10 10:24:08.686  INFO 14904 --- [restartedMain] c.e.u.UserRegistrationApplication        : Started UserRegistrationApplication in 2.34 seconds (JVM running for 3.142)
2024-06-10 10:24:42.650  INFO 14904 --- [http-nio-8080-exec-2] o.a.c.c.C.[Tomcat].[localhost].[/]       : Initializing Spring DispatcherServlet 'dispatcherServlet'
2024-06-10 10:24:42.651  INFO 14904 --- [http-nio-8080-exec-2] o.s.web.servlet.DispatcherServlet        : Initializing Servlet 'dispatcherServlet'
2024-06-10 10:24:42.652  INFO 14904 --- [http-nio-8080-exec-2] o.s.web.servlet.DispatcherServlet        : Completed initialization in 1 ms
2024-06-10 10:24:42.785  INFO 14904 --- [http-nio-8080-exec-2] org.mongodb.driver.connection            : Opened connection [connectionId{localValue:3, serverValue:44}] to localhost:27017
2024-06-10 10:24:42.803  INFO 14904 --- [http-nio-8080-exec-2] c.e.u.controller.UserController          : Created user: User(id=6666b84a809b112ea67be5e9, name=iliAsef, age=19, country=France, email=assia@gmail.com, phoneNumber=06070874)
2024-06-10 10:24:42.847  INFO 14904 --- [http-nio-8080-exec-2] c.e.u.controller.UserController          : Processing time for createUser: 70 ms
2024-06-10 10:26:30.402  INFO 24840 --- [restartedMain] c.e.u.UserRegistrationApplication        : Starting UserRegistrationApplication using Java 17.0.1 on LFR051660 with PID 24840 (C:\Users\mtamedi\IdeaProjects\capgemini_sophia\tp perso\user-registration\target\classes started by mtamedi in C:\Users\mtamedi\IdeaProjects\capgemini_sophia\tp perso\user-registration)
2024-06-10 10:26:30.403  INFO 24840 --- [restartedMain] c.e.u.UserRegistrationApplication        : No active profile set, falling back to 1 default profile: "default"
2024-06-10 10:26:30.449  INFO 24840 --- [restartedMain] .e.DevToolsPropertyDefaultsPostProcessor : Devtools property defaults active! Set 'spring.devtools.add-properties' to 'false' to disable
2024-06-10 10:26:30.449  INFO 24840 --- [restartedMain] .e.DevToolsPropertyDefaultsPostProcessor : For additional web related logging consider setting the 'logging.level.web' property to 'DEBUG'
2024-06-10 10:26:31.008  INFO 24840 --- [restartedMain] .s.d.r.c.RepositoryConfigurationDelegate : Bootstrapping Spring Data MongoDB repositories in DEFAULT mode.
2024-06-10 10:26:31.048  INFO 24840 --- [restartedMain] .s.d.r.c.RepositoryConfigurationDelegate : Finished Spring Data repository scanning in 35 ms. Found 1 MongoDB repository interfaces.
2024-06-10 10:26:31.466  INFO 24840 --- [restartedMain] o.s.b.w.embedded.tomcat.TomcatWebServer  : Tomcat initialized with port(s): 8080 (http)
2024-06-10 10:26:31.473  INFO 24840 --- [restartedMain] o.apache.catalina.core.StandardService   : Starting service [Tomcat]
2024-06-10 10:26:31.473  INFO 24840 --- [restartedMain] org.apache.catalina.core.StandardEngine  : Starting Servlet engine: [Apache Tomcat/9.0.62]
2024-06-10 10:26:31.543  INFO 24840 --- [restartedMain] o.a.c.c.C.[Tomcat].[localhost].[/]       : Initializing Spring embedded WebApplicationContext
2024-06-10 10:26:31.544  INFO 24840 --- [restartedMain] w.s.c.ServletWebServerApplicationContext : Root WebApplicationContext: initialization completed in 1094 ms
2024-06-10 10:26:31.669  INFO 24840 --- [restartedMain] org.mongodb.driver.cluster               : Cluster created with settings {hosts=[localhost:27017], mode=SINGLE, requiredClusterType=UNKNOWN, serverSelectionTimeout='30000 ms'}
2024-06-10 10:26:31.731  INFO 24840 --- [cluster-ClusterId{value='6666b8b7299d4c2a14c15b88', description='null'}-localhost:27017] org.mongodb.driver.connection            : Opened connection [connectionId{localValue:1, serverValue:45}] to localhost:27017
2024-06-10 10:26:31.731  INFO 24840 --- [cluster-rtt-ClusterId{value='6666b8b7299d4c2a14c15b88', description='null'}-localhost:27017] org.mongodb.driver.connection            : Opened connection [connectionId{localValue:2, serverValue:46}] to localhost:27017
2024-06-10 10:26:31.733  INFO 24840 --- [cluster-ClusterId{value='6666b8b7299d4c2a14c15b88', description='null'}-localhost:27017] org.mongodb.driver.cluster               : Monitor thread successfully connected to server with description ServerDescription{address=localhost:27017, type=STANDALONE, state=CONNECTED, ok=true, minWireVersion=0, maxWireVersion=13, maxDocumentSize=16777216, logicalSessionTimeoutMinutes=30, roundTripTimeNanos=26414600}
2024-06-10 10:26:31.844  INFO 24840 --- [restartedMain] o.s.b.d.a.OptionalLiveReloadServer       : LiveReload server is running on port 35729
2024-06-10 10:26:32.279  INFO 24840 --- [restartedMain] o.s.b.w.embedded.tomcat.TomcatWebServer  : Tomcat started on port(s): 8080 (http) with context path ''
2024-06-10 10:26:32.288  INFO 24840 --- [restartedMain] c.e.u.UserRegistrationApplication        : Started UserRegistrationApplication in 2.285 seconds (JVM running for 3.055)
2024-06-10 10:27:02.588  INFO 24840 --- [http-nio-8080-exec-2] o.a.c.c.C.[Tomcat].[localhost].[/]       : Initializing Spring DispatcherServlet 'dispatcherServlet'
2024-06-10 10:27:02.590  INFO 24840 --- [http-nio-8080-exec-2] o.s.web.servlet.DispatcherServlet        : Initializing Servlet 'dispatcherServlet'
2024-06-10 10:27:02.593  INFO 24840 --- [http-nio-8080-exec-2] o.s.web.servlet.DispatcherServlet        : Completed initialization in 2 ms
2024-06-10 10:27:02.813  INFO 24840 --- [http-nio-8080-exec-2] org.mongodb.driver.connection            : Opened connection [connectionId{localValue:3, serverValue:47}] to localhost:27017
2024-06-10 10:27:02.849  INFO 24840 --- [http-nio-8080-exec-2] c.e.u.controller.UserController          : Created user: User(id=6666b8d6299d4c2a14c15b89, name=iliAsefg, age=19, country=France, email=assia@gmail.com, phoneNumber=06070874)
2024-06-10 10:27:02.858  INFO 24840 --- [http-nio-8080-exec-2] c.e.u.controller.UserController          : Processing time for createUser: 152 ms
2024-06-10 11:13:05.631  WARN 24840 --- [http-nio-8080-exec-5] .m.m.a.ExceptionHandlerExceptionResolver : Resolved [com.example.userregistration.exception.InvalidUserException: Age must be greater than 18.]
2024-06-10 14:34:59.500  INFO 30484 --- [restartedMain] c.e.u.UserRegistrationApplication        : Starting UserRegistrationApplication using Java 17.0.1 on LFR051660 with PID 30484 (C:\Users\mtamedi\IdeaProjects\capgemini_sophia\tp perso\user-registration\target\classes started by mtamedi in C:\Users\mtamedi\IdeaProjects\capgemini_sophia\tp perso\user-registration)
2024-06-10 14:34:59.502  INFO 30484 --- [restartedMain] c.e.u.UserRegistrationApplication        : No active profile set, falling back to 1 default profile: "default"
2024-06-10 14:34:59.558  INFO 30484 --- [restartedMain] .e.DevToolsPropertyDefaultsPostProcessor : Devtools property defaults active! Set 'spring.devtools.add-properties' to 'false' to disable
2024-06-10 14:34:59.559  INFO 30484 --- [restartedMain] .e.DevToolsPropertyDefaultsPostProcessor : For additional web related logging consider setting the 'logging.level.web' property to 'DEBUG'
2024-06-10 14:35:00.085  INFO 30484 --- [restartedMain] .s.d.r.c.RepositoryConfigurationDelegate : Bootstrapping Spring Data MongoDB repositories in DEFAULT mode.
2024-06-10 14:35:00.127  INFO 30484 --- [restartedMain] .s.d.r.c.RepositoryConfigurationDelegate : Finished Spring Data repository scanning in 39 ms. Found 1 MongoDB repository interfaces.
2024-06-10 14:35:00.689  INFO 30484 --- [restartedMain] o.s.b.w.embedded.tomcat.TomcatWebServer  : Tomcat initialized with port(s): 8080 (http)
2024-06-10 14:35:00.697  INFO 30484 --- [restartedMain] o.apache.catalina.core.StandardService   : Starting service [Tomcat]
2024-06-10 14:35:00.698  INFO 30484 --- [restartedMain] org.apache.catalina.core.StandardEngine  : Starting Servlet engine: [Apache Tomcat/9.0.62]
2024-06-10 14:35:00.771  INFO 30484 --- [restartedMain] o.a.c.c.C.[Tomcat].[localhost].[/]       : Initializing Spring embedded WebApplicationContext
2024-06-10 14:35:00.772  INFO 30484 --- [restartedMain] w.s.c.ServletWebServerApplicationContext : Root WebApplicationContext: initialization completed in 1213 ms
2024-06-10 14:35:00.889  INFO 30484 --- [restartedMain] org.mongodb.driver.cluster               : Cluster created with settings {hosts=[localhost:27017], mode=SINGLE, requiredClusterType=UNKNOWN, serverSelectionTimeout='30000 ms'}
2024-06-10 14:35:00.955  INFO 30484 --- [cluster-rtt-ClusterId{value='6666f2f4b3e852257a624a64', description='null'}-localhost:27017] org.mongodb.driver.connection            : Opened connection [connectionId{localValue:2, serverValue:48}] to localhost:27017
2024-06-10 14:35:00.955  INFO 30484 --- [cluster-ClusterId{value='6666f2f4b3e852257a624a64', description='null'}-localhost:27017] org.mongodb.driver.connection            : Opened connection [connectionId{localValue:1, serverValue:49}] to localhost:27017
2024-06-10 14:35:00.955  INFO 30484 --- [cluster-ClusterId{value='6666f2f4b3e852257a624a64', description='null'}-localhost:27017] org.mongodb.driver.cluster               : Monitor thread successfully connected to server with description ServerDescription{address=localhost:27017, type=STANDALONE, state=CONNECTED, ok=true, minWireVersion=0, maxWireVersion=13, maxDocumentSize=16777216, logicalSessionTimeoutMinutes=30, roundTripTimeNanos=28180100}
2024-06-10 14:35:01.070  INFO 30484 --- [restartedMain] o.s.b.d.a.OptionalLiveReloadServer       : LiveReload server is running on port 35729
2024-06-10 14:35:01.502  INFO 30484 --- [restartedMain] o.s.b.w.embedded.tomcat.TomcatWebServer  : Tomcat started on port(s): 8080 (http) with context path ''
2024-06-10 14:35:01.513  INFO 30484 --- [restartedMain] c.e.u.UserRegistrationApplication        : Started UserRegistrationApplication in 2.418 seconds (JVM running for 3.296)
2024-06-10 14:35:18.448  INFO 30484 --- [http-nio-8080-exec-2] o.a.c.c.C.[Tomcat].[localhost].[/]       : Initializing Spring DispatcherServlet 'dispatcherServlet'
2024-06-10 14:35:18.449  INFO 30484 --- [http-nio-8080-exec-2] o.s.web.servlet.DispatcherServlet        : Initializing Servlet 'dispatcherServlet'
2024-06-10 14:35:18.450  INFO 30484 --- [http-nio-8080-exec-2] o.s.web.servlet.DispatcherServlet        : Completed initialization in 1 ms
2024-06-10 14:35:18.602  INFO 30484 --- [http-nio-8080-exec-2] org.mongodb.driver.connection            : Opened connection [connectionId{localValue:3, serverValue:50}] to localhost:27017
2024-06-10 14:35:18.621  INFO 30484 --- [http-nio-8080-exec-2] c.e.u.controller.UserController          : Created user: User(id=6666f306b3e852257a624a65, name=iliAsefgdd, age=17, country=France, email=assia@gmail.com, phoneNumber=06070874)
2024-06-10 14:35:18.627  INFO 30484 --- [http-nio-8080-exec-2] c.e.u.controller.UserController          : Processing time for createUser: 74 ms
2024-06-10 14:35:57.889  INFO 19552 --- [restartedMain] c.e.u.UserRegistrationApplication        : Starting UserRegistrationApplication using Java 17.0.1 on LFR051660 with PID 19552 (C:\Users\mtamedi\IdeaProjects\capgemini_sophia\tp perso\user-registration\target\classes started by mtamedi in C:\Users\mtamedi\IdeaProjects\capgemini_sophia\tp perso\user-registration)
2024-06-10 14:35:57.891  INFO 19552 --- [restartedMain] c.e.u.UserRegistrationApplication        : No active profile set, falling back to 1 default profile: "default"
2024-06-10 14:35:57.945  INFO 19552 --- [restartedMain] .e.DevToolsPropertyDefaultsPostProcessor : Devtools property defaults active! Set 'spring.devtools.add-properties' to 'false' to disable
2024-06-10 14:35:57.946  INFO 19552 --- [restartedMain] .e.DevToolsPropertyDefaultsPostProcessor : For additional web related logging consider setting the 'logging.level.web' property to 'DEBUG'
2024-06-10 14:35:58.429  INFO 19552 --- [restartedMain] .s.d.r.c.RepositoryConfigurationDelegate : Bootstrapping Spring Data MongoDB repositories in DEFAULT mode.
2024-06-10 14:35:58.467  INFO 19552 --- [restartedMain] .s.d.r.c.RepositoryConfigurationDelegate : Finished Spring Data repository scanning in 35 ms. Found 1 MongoDB repository interfaces.
2024-06-10 14:35:58.874  INFO 19552 --- [restartedMain] o.s.b.w.embedded.tomcat.TomcatWebServer  : Tomcat initialized with port(s): 8080 (http)
2024-06-10 14:35:58.890  INFO 19552 --- [restartedMain] o.apache.catalina.core.StandardService   : Starting service [Tomcat]
2024-06-10 14:35:58.890  INFO 19552 --- [restartedMain] org.apache.catalina.core.StandardEngine  : Starting Servlet engine: [Apache Tomcat/9.0.62]
2024-06-10 14:35:58.975  INFO 19552 --- [restartedMain] o.a.c.c.C.[Tomcat].[localhost].[/]       : Initializing Spring embedded WebApplicationContext
2024-06-10 14:35:58.976  INFO 19552 --- [restartedMain] w.s.c.ServletWebServerApplicationContext : Root WebApplicationContext: initialization completed in 1029 ms
2024-06-10 14:35:59.093  INFO 19552 --- [restartedMain] org.mongodb.driver.cluster               : Cluster created with settings {hosts=[localhost:27017], mode=SINGLE, requiredClusterType=UNKNOWN, serverSelectionTimeout='30000 ms'}
2024-06-10 14:35:59.163  INFO 19552 --- [cluster-rtt-ClusterId{value='6666f32fe31a6231f29e363f', description='null'}-localhost:27017] org.mongodb.driver.connection            : Opened connection [connectionId{localValue:2, serverValue:52}] to localhost:27017
2024-06-10 14:35:59.163  INFO 19552 --- [cluster-ClusterId{value='6666f32fe31a6231f29e363f', description='null'}-localhost:27017] org.mongodb.driver.connection            : Opened connection [connectionId{localValue:1, serverValue:51}] to localhost:27017
2024-06-10 14:35:59.163  INFO 19552 --- [cluster-ClusterId{value='6666f32fe31a6231f29e363f', description='null'}-localhost:27017] org.mongodb.driver.cluster               : Monitor thread successfully connected to server with description ServerDescription{address=localhost:27017, type=STANDALONE, state=CONNECTED, ok=true, minWireVersion=0, maxWireVersion=13, maxDocumentSize=16777216, logicalSessionTimeoutMinutes=30, roundTripTimeNanos=27510100}
2024-06-10 14:35:59.282  INFO 19552 --- [restartedMain] o.s.b.d.a.OptionalLiveReloadServer       : LiveReload server is running on port 35729
2024-06-10 14:35:59.654  INFO 19552 --- [restartedMain] o.s.b.w.embedded.tomcat.TomcatWebServer  : Tomcat started on port(s): 8080 (http) with context path ''
2024-06-10 14:35:59.662  INFO 19552 --- [restartedMain] c.e.u.UserRegistrationApplication        : Started UserRegistrationApplication in 2.158 seconds (JVM running for 2.889)
2024-06-10 14:36:11.040  INFO 19552 --- [http-nio-8080-exec-2] o.a.c.c.C.[Tomcat].[localhost].[/]       : Initializing Spring DispatcherServlet 'dispatcherServlet'
2024-06-10 14:36:11.041  INFO 19552 --- [http-nio-8080-exec-2] o.s.web.servlet.DispatcherServlet        : Initializing Servlet 'dispatcherServlet'
2024-06-10 14:36:11.044  INFO 19552 --- [http-nio-8080-exec-2] o.s.web.servlet.DispatcherServlet        : Completed initialization in 2 ms
2024-06-10 14:36:11.186  INFO 19552 --- [http-nio-8080-exec-2] org.mongodb.driver.connection            : Opened connection [connectionId{localValue:3, serverValue:53}] to localhost:27017
2024-06-10 14:36:11.205  INFO 19552 --- [http-nio-8080-exec-2] c.e.u.controller.UserController          : Created user: User(id=6666f33be31a6231f29e3640, name=iliAsefgddt, age=17, country=France, email=assia@gmail.com, phoneNumber=06070874)
2024-06-10 14:36:11.211  INFO 19552 --- [http-nio-8080-exec-2] c.e.u.controller.UserController          : Processing time for createUser: 78 ms
2024-06-10 14:40:47.350  INFO 1980 --- [restartedMain] c.e.u.UserRegistrationApplication        : Starting UserRegistrationApplication using Java 17.0.1 on LFR051660 with PID 1980 (C:\Users\mtamedi\IdeaProjects\capgemini_sophia\tp perso\user-registration\target\classes started by mtamedi in C:\Users\mtamedi\IdeaProjects\capgemini_sophia\tp perso\user-registration)
2024-06-10 14:40:47.352  INFO 1980 --- [restartedMain] c.e.u.UserRegistrationApplication        : No active profile set, falling back to 1 default profile: "default"
2024-06-10 14:40:47.425  INFO 1980 --- [restartedMain] .e.DevToolsPropertyDefaultsPostProcessor : Devtools property defaults active! Set 'spring.devtools.add-properties' to 'false' to disable
2024-06-10 14:40:47.427  INFO 1980 --- [restartedMain] .e.DevToolsPropertyDefaultsPostProcessor : For additional web related logging consider setting the 'logging.level.web' property to 'DEBUG'
2024-06-10 14:40:48.141  INFO 1980 --- [restartedMain] .s.d.r.c.RepositoryConfigurationDelegate : Bootstrapping Spring Data MongoDB repositories in DEFAULT mode.
2024-06-10 14:40:48.192  INFO 1980 --- [restartedMain] .s.d.r.c.RepositoryConfigurationDelegate : Finished Spring Data repository scanning in 45 ms. Found 1 MongoDB repository interfaces.
2024-06-10 14:40:48.671  INFO 1980 --- [restartedMain] o.s.b.w.embedded.tomcat.TomcatWebServer  : Tomcat initialized with port(s): 8080 (http)
2024-06-10 14:40:48.679  INFO 1980 --- [restartedMain] o.apache.catalina.core.StandardService   : Starting service [Tomcat]
2024-06-10 14:40:48.679  INFO 1980 --- [restartedMain] org.apache.catalina.core.StandardEngine  : Starting Servlet engine: [Apache Tomcat/9.0.62]
2024-06-10 14:40:48.762  INFO 1980 --- [restartedMain] o.a.c.c.C.[Tomcat].[localhost].[/]       : Initializing Spring embedded WebApplicationContext
2024-06-10 14:40:48.763  INFO 1980 --- [restartedMain] w.s.c.ServletWebServerApplicationContext : Root WebApplicationContext: initialization completed in 1336 ms
2024-06-10 14:40:48.863  INFO 1980 --- [restartedMain] org.mongodb.driver.cluster               : Cluster created with settings {hosts=[localhost:27017], mode=SINGLE, requiredClusterType=UNKNOWN, serverSelectionTimeout='30000 ms'}
2024-06-10 14:40:48.927  INFO 1980 --- [cluster-ClusterId{value='6666f4503728e94eb612fc42', description='null'}-localhost:27017] org.mongodb.driver.connection            : Opened connection [connectionId{localValue:1, serverValue:55}] to localhost:27017
2024-06-10 14:40:48.927  INFO 1980 --- [cluster-rtt-ClusterId{value='6666f4503728e94eb612fc42', description='null'}-localhost:27017] org.mongodb.driver.connection            : Opened connection [connectionId{localValue:2, serverValue:54}] to localhost:27017
2024-06-10 14:40:48.927  INFO 1980 --- [cluster-ClusterId{value='6666f4503728e94eb612fc42', description='null'}-localhost:27017] org.mongodb.driver.cluster               : Monitor thread successfully connected to server with description ServerDescription{address=localhost:27017, type=STANDALONE, state=CONNECTED, ok=true, minWireVersion=0, maxWireVersion=13, maxDocumentSize=16777216, logicalSessionTimeoutMinutes=30, roundTripTimeNanos=28921400}
2024-06-10 14:40:49.226  INFO 1980 --- [restartedMain] o.s.b.d.a.OptionalLiveReloadServer       : LiveReload server is running on port 35729
2024-06-10 14:40:49.745  INFO 1980 --- [restartedMain] o.s.b.w.embedded.tomcat.TomcatWebServer  : Tomcat started on port(s): 8080 (http) with context path ''
2024-06-10 14:40:49.761  INFO 1980 --- [restartedMain] c.e.u.UserRegistrationApplication        : Started UserRegistrationApplication in 2.894 seconds (JVM running for 4.012)
2024-06-10 14:40:57.515  INFO 1980 --- [http-nio-8080-exec-2] o.a.c.c.C.[Tomcat].[localhost].[/]       : Initializing Spring DispatcherServlet 'dispatcherServlet'
2024-06-10 14:40:57.515  INFO 1980 --- [http-nio-8080-exec-2] o.s.web.servlet.DispatcherServlet        : Initializing Servlet 'dispatcherServlet'
2024-06-10 14:40:57.516  INFO 1980 --- [http-nio-8080-exec-2] o.s.web.servlet.DispatcherServlet        : Completed initialization in 0 ms
2024-06-10 14:40:57.955 ERROR 1980 --- [http-nio-8080-exec-2] c.e.u.controller.UserController          : Erreur de validation des champs : {age=Age should be greater than or equal to 18}
2024-06-10 14:40:57.998  WARN 1980 --- [http-nio-8080-exec-2] .m.m.a.ExceptionHandlerExceptionResolver : Resolved [org.springframework.web.bind.MethodArgumentNotValidException: Validation failed for argument [0] in public org.springframework.http.ResponseEntity<com.example.userregistration.model.User> com.example.userregistration.controller.UserController.createUser(com.example.userregistration.model.User): [Field error in object 'user' on field 'age': rejected value [17]; codes [Min.user.age,Min.age,Min.java.lang.Integer,Min]; arguments [org.springframework.context.support.DefaultMessageSourceResolvable: codes [user.age,age]; arguments []; default message [age],18]; default message [Age should be greater than or equal to 18]] ]
2024-06-10 14:41:12.316 ERROR 1980 --- [http-nio-8080-exec-4] c.e.u.controller.UserController          : Erreur de validation des champs : {country=Only users from France can register, age=Age should be greater than or equal to 18}
2024-06-10 14:41:12.319  WARN 1980 --- [http-nio-8080-exec-4] .m.m.a.ExceptionHandlerExceptionResolver : Resolved [org.springframework.web.bind.MethodArgumentNotValidException: Validation failed for argument [0] in public org.springframework.http.ResponseEntity<com.example.userregistration.model.User> com.example.userregistration.controller.UserController.createUser(com.example.userregistration.model.User) with 2 errors: [Field error in object 'user' on field 'age': rejected value [17]; codes [Min.user.age,Min.age,Min.java.lang.Integer,Min]; arguments [org.springframework.context.support.DefaultMessageSourceResolvable: codes [user.age,age]; arguments []; default message [age],18]; default message [Age should be greater than or equal to 18]] [Field error in object 'user' on field 'country': rejected value [ITA]; codes [Pattern.user.country,Pattern.country,Pattern.java.lang.String,Pattern]; arguments [org.springframework.context.support.DefaultMessageSourceResolvable: codes [user.country,country]; arguments []; default message [country],[Ljavax.validation.constraints.Pattern$Flag;@18bae919,France]; default message [Only users from France can register]] ]
2024-06-10 15:01:33.313  INFO 23100 --- [restartedMain] c.e.u.UserRegistrationApplication        : Starting UserRegistrationApplication using Java 17.0.1 on LFR051660 with PID 23100 (C:\Users\mtamedi\IdeaProjects\capgemini_sophia\tp perso\user-registration\target\classes started by mtamedi in C:\Users\mtamedi\IdeaProjects\capgemini_sophia\tp perso\user-registration)
2024-06-10 15:01:33.314  INFO 23100 --- [restartedMain] c.e.u.UserRegistrationApplication        : No active profile set, falling back to 1 default profile: "default"
2024-06-10 15:01:33.360  INFO 23100 --- [restartedMain] .e.DevToolsPropertyDefaultsPostProcessor : Devtools property defaults active! Set 'spring.devtools.add-properties' to 'false' to disable
2024-06-10 15:01:33.361  INFO 23100 --- [restartedMain] .e.DevToolsPropertyDefaultsPostProcessor : For additional web related logging consider setting the 'logging.level.web' property to 'DEBUG'
2024-06-10 15:01:33.858  INFO 23100 --- [restartedMain] .s.d.r.c.RepositoryConfigurationDelegate : Bootstrapping Spring Data MongoDB repositories in DEFAULT mode.
2024-06-10 15:01:33.897  INFO 23100 --- [restartedMain] .s.d.r.c.RepositoryConfigurationDelegate : Finished Spring Data repository scanning in 36 ms. Found 1 MongoDB repository interfaces.
2024-06-10 15:01:34.327  INFO 23100 --- [restartedMain] o.s.b.w.embedded.tomcat.TomcatWebServer  : Tomcat initialized with port(s): 8080 (http)
2024-06-10 15:01:34.333  INFO 23100 --- [restartedMain] o.apache.catalina.core.StandardService   : Starting service [Tomcat]
2024-06-10 15:01:34.333  INFO 23100 --- [restartedMain] org.apache.catalina.core.StandardEngine  : Starting Servlet engine: [Apache Tomcat/9.0.62]
2024-06-10 15:01:34.402  INFO 23100 --- [restartedMain] o.a.c.c.C.[Tomcat].[localhost].[/]       : Initializing Spring embedded WebApplicationContext
2024-06-10 15:01:34.402  INFO 23100 --- [restartedMain] w.s.c.ServletWebServerApplicationContext : Root WebApplicationContext: initialization completed in 1041 ms
2024-06-10 15:01:34.505  INFO 23100 --- [restartedMain] org.mongodb.driver.cluster               : Cluster created with settings {hosts=[localhost:27017], mode=SINGLE, requiredClusterType=UNKNOWN, serverSelectionTimeout='30000 ms'}
2024-06-10 15:01:34.556  INFO 23100 --- [cluster-ClusterId{value='6666f92efe3b5c73e63996d2', description='null'}-localhost:27017] org.mongodb.driver.connection            : Opened connection [connectionId{localValue:1, serverValue:57}] to localhost:27017
2024-06-10 15:01:34.556  INFO 23100 --- [cluster-rtt-ClusterId{value='6666f92efe3b5c73e63996d2', description='null'}-localhost:27017] org.mongodb.driver.connection            : Opened connection [connectionId{localValue:2, serverValue:56}] to localhost:27017
2024-06-10 15:01:34.556  INFO 23100 --- [cluster-ClusterId{value='6666f92efe3b5c73e63996d2', description='null'}-localhost:27017] org.mongodb.driver.cluster               : Monitor thread successfully connected to server with description ServerDescription{address=localhost:27017, type=STANDALONE, state=CONNECTED, ok=true, minWireVersion=0, maxWireVersion=13, maxDocumentSize=16777216, logicalSessionTimeoutMinutes=30, roundTripTimeNanos=21290600}
2024-06-10 15:01:34.705  INFO 23100 --- [restartedMain] o.s.b.d.a.OptionalLiveReloadServer       : LiveReload server is running on port 35729
2024-06-10 15:01:35.110  INFO 23100 --- [restartedMain] o.s.b.w.embedded.tomcat.TomcatWebServer  : Tomcat started on port(s): 8080 (http) with context path ''
2024-06-10 15:01:35.120  INFO 23100 --- [restartedMain] c.e.u.UserRegistrationApplication        : Started UserRegistrationApplication in 2.287 seconds (JVM running for 3.049)
2024-06-10 15:02:29.389  INFO 23100 --- [http-nio-8080-exec-1] o.a.c.c.C.[Tomcat].[localhost].[/]       : Initializing Spring DispatcherServlet 'dispatcherServlet'
2024-06-10 15:02:29.389  INFO 23100 --- [http-nio-8080-exec-1] o.s.web.servlet.DispatcherServlet        : Initializing Servlet 'dispatcherServlet'
2024-06-10 15:02:29.390  INFO 23100 --- [http-nio-8080-exec-1] o.s.web.servlet.DispatcherServlet        : Completed initialization in 1 ms
2024-06-10 15:02:29.460  INFO 23100 --- [http-nio-8080-exec-1] c.e.u.controller.UserController          : Demande de récupération des utilisateurs avec statut : ACTIVE
2024-06-10 15:02:29.563  INFO 23100 --- [http-nio-8080-exec-1] org.mongodb.driver.connection            : Opened connection [connectionId{localValue:3, serverValue:58}] to localhost:27017
2024-06-10 15:02:29.606  INFO 23100 --- [http-nio-8080-exec-1] c.e.u.controller.UserController          : Utilisateurs récupérés : []
2024-06-10 15:02:29.607  INFO 23100 --- [http-nio-8080-exec-1] c.e.u.controller.UserController          : Temps de traitement de la récupération : 146 ms
2024-06-10 15:03:42.036 ERROR 23100 --- [http-nio-8080-exec-5] c.e.u.controller.UserController          : Erreur de validation des champs : {country=Only users from France can register}
2024-06-10 15:03:42.042  WARN 23100 --- [http-nio-8080-exec-5] .m.m.a.ExceptionHandlerExceptionResolver : Resolved [org.springframework.web.bind.MethodArgumentNotValidException: Validation failed for argument [0] in public org.springframework.http.ResponseEntity<com.example.userregistration.model.User> com.example.userregistration.controller.UserController.createUser(com.example.userregistration.model.User): [Field error in object 'user' on field 'country': rejected value [ITA]; codes [Pattern.user.country,Pattern.country,Pattern.java.lang.String,Pattern]; arguments [org.springframework.context.support.DefaultMessageSourceResolvable: codes [user.country,country]; arguments []; default message [country],[Ljavax.validation.constraints.Pattern$Flag;@6f1fe3a1,France]; default message [Only users from France can register]] ]
2024-06-10 15:03:55.769 ERROR 23100 --- [http-nio-8080-exec-7] c.e.u.controller.UserController          : Erreur de validation des champs : {country=Only users from France can register}
2024-06-10 15:03:55.771  WARN 23100 --- [http-nio-8080-exec-7] .m.m.a.ExceptionHandlerExceptionResolver : Resolved [org.springframework.web.bind.MethodArgumentNotValidException: Validation failed for argument [0] in public org.springframework.http.ResponseEntity<com.example.userregistration.model.User> com.example.userregistration.controller.UserController.createUser(com.example.userregistration.model.User): [Field error in object 'user' on field 'country': rejected value [FRANCE]; codes [Pattern.user.country,Pattern.country,Pattern.java.lang.String,Pattern]; arguments [org.springframework.context.support.DefaultMessageSourceResolvable: codes [user.country,country]; arguments []; default message [country],[Ljavax.validation.constraints.Pattern$Flag;@6f1fe3a1,France]; default message [Only users from France can register]] ]
2024-06-10 15:04:14.818  INFO 23100 --- [http-nio-8080-exec-8] c.e.u.controller.UserController          : Created user: User(id=6666f9cefe3b5c73e63996d3, name=ACTIVE, age=27, country=France, email=assia@gmail.com, phoneNumber=06070874, status=null)
2024-06-10 15:04:14.824  INFO 23100 --- [http-nio-8080-exec-8] c.e.u.controller.UserController          : Processing time for createUser: 49 ms
2024-06-10 15:04:43.068  INFO 23100 --- [http-nio-8080-exec-10] c.e.u.controller.UserController          : Created user: User(id=6666f9ebfe3b5c73e63996d4, name=ACTIVE2, age=27, country=France, email=assia@gmail.com, phoneNumber=06070874, status=null)
2024-06-10 15:04:43.069  INFO 23100 --- [http-nio-8080-exec-10] c.e.u.controller.UserController          : Processing time for createUser: 3 ms
2024-06-10 15:04:48.603  INFO 23100 --- [http-nio-8080-exec-2] c.e.u.controller.UserController          : Created user: User(id=6666f9f0fe3b5c73e63996d5, name=ACTIVE3, age=27, country=France, email=assia@gmail.com, phoneNumber=06070874, status=null)
2024-06-10 15:04:48.603  INFO 23100 --- [http-nio-8080-exec-2] c.e.u.controller.UserController          : Processing time for createUser: 2 ms
2024-06-10 15:04:59.316  INFO 23100 --- [http-nio-8080-exec-1] c.e.u.controller.UserController          : Created user: User(id=6666f9fbfe3b5c73e63996d6, name=INACTIVE, age=27, country=France, email=assia@gmail.com, phoneNumber=06070874, status=null)
2024-06-10 15:04:59.316  INFO 23100 --- [http-nio-8080-exec-1] c.e.u.controller.UserController          : Processing time for createUser: 2 ms
2024-06-10 15:05:18.789  INFO 23100 --- [http-nio-8080-exec-3] c.e.u.controller.UserController          : Created user: User(id=6666fa0efe3b5c73e63996d7, name=SUSPENDED, age=27, country=France, email=assia@gmail.com, phoneNumber=06070874, status=null)
2024-06-10 15:05:18.790  INFO 23100 --- [http-nio-8080-exec-3] c.e.u.controller.UserController          : Processing time for createUser: 1 ms
2024-06-10 15:05:34.155  INFO 23100 --- [http-nio-8080-exec-4] c.e.u.controller.UserController          : Demande de récupération des utilisateurs avec statut : ACTIVE
2024-06-10 15:05:34.162  INFO 23100 --- [http-nio-8080-exec-4] c.e.u.controller.UserController          : Utilisateurs récupérés : []
2024-06-10 15:05:34.162  INFO 23100 --- [http-nio-8080-exec-4] c.e.u.controller.UserController          : Temps de traitement de la récupération : 7 ms
2024-06-10 15:06:07.494  INFO 23100 --- [http-nio-8080-exec-5] c.e.u.controller.UserController          : Demande de récupération des utilisateurs avec statut : INACTIVE
2024-06-10 15:06:07.498  INFO 23100 --- [http-nio-8080-exec-5] c.e.u.controller.UserController          : Utilisateurs récupérés : []
2024-06-10 15:06:07.499  INFO 23100 --- [http-nio-8080-exec-5] c.e.u.controller.UserController          : Temps de traitement de la récupération : 4 ms
2024-06-10 15:07:07.480  INFO 23100 --- [http-nio-8080-exec-6] c.e.u.controller.UserController          : Created user: User(id=6666fa7bfe3b5c73e63996d8, name=SUSPENDED, age=27, country=France, email=assia@gmail.com, phoneNumber=06070874, status=SUSPENDED)
2024-06-10 15:07:07.480  INFO 23100 --- [http-nio-8080-exec-6] c.e.u.controller.UserController          : Processing time for createUser: 2 ms
2024-06-10 15:07:25.434  INFO 23100 --- [http-nio-8080-exec-7] c.e.u.controller.UserController          : Created user: User(id=6666fa8dfe3b5c73e63996d9, name=INACTIVE, age=27, country=France, email=assia@gmail.com, phoneNumber=06070874, status=INACTIVE)
2024-06-10 15:07:25.436  INFO 23100 --- [http-nio-8080-exec-7] c.e.u.controller.UserController          : Processing time for createUser: 6 ms
2024-06-10 15:07:44.644  INFO 23100 --- [http-nio-8080-exec-9] c.e.u.controller.UserController          : Created user: User(id=6666faa0fe3b5c73e63996da, name=ACTIVE3, age=27, country=France, email=assia@gmail.com, phoneNumber=06070874, status=ACTIVE)
2024-06-10 15:07:44.644  INFO 23100 --- [http-nio-8080-exec-9] c.e.u.controller.UserController          : Processing time for createUser: 2 ms
2024-06-10 15:07:58.760  INFO 23100 --- [http-nio-8080-exec-8] c.e.u.controller.UserController          : Created user: User(id=6666faaefe3b5c73e63996db, name=ACTIVE2, age=27, country=France, email=assia@gmail.com, phoneNumber=06070874, status=ACTIVE)
2024-06-10 15:07:58.761  INFO 23100 --- [http-nio-8080-exec-8] c.e.u.controller.UserController          : Processing time for createUser: 2 ms
2024-06-10 15:08:13.550  INFO 23100 --- [http-nio-8080-exec-10] c.e.u.controller.UserController          : Demande de récupération des utilisateurs avec statut : INACTIVE
2024-06-10 15:08:13.569  INFO 23100 --- [http-nio-8080-exec-10] c.e.u.controller.UserController          : Utilisateurs récupérés : [User(id=6666fa8dfe3b5c73e63996d9, name=INACTIVE, age=27, country=France, email=assia@gmail.com, phoneNumber=06070874, status=INACTIVE)]
2024-06-10 15:08:13.569  INFO 23100 --- [http-nio-8080-exec-10] c.e.u.controller.UserController          : Temps de traitement de la récupération : 19 ms
2024-06-10 15:08:25.977  INFO 23100 --- [http-nio-8080-exec-2] c.e.u.controller.UserController          : Demande de récupération des utilisateurs avec statut : ACTIVE
2024-06-10 15:08:25.983  INFO 23100 --- [http-nio-8080-exec-2] c.e.u.controller.UserController          : Utilisateurs récupérés : [User(id=6666faa0fe3b5c73e63996da, name=ACTIVE3, age=27, country=France, email=assia@gmail.com, phoneNumber=06070874, status=ACTIVE), User(id=6666faaefe3b5c73e63996db, name=ACTIVE2, age=27, country=France, email=assia@gmail.com, phoneNumber=06070874, status=ACTIVE)]
2024-06-10 15:08:25.984  INFO 23100 --- [http-nio-8080-exec-2] c.e.u.controller.UserController          : Temps de traitement de la récupération : 6 ms
2024-06-10 15:19:06.909  INFO 13672 --- [restartedMain] c.e.u.UserRegistrationApplication        : Starting UserRegistrationApplication using Java 17.0.1 on LFR051660 with PID 13672 (C:\Users\mtamedi\IdeaProjects\capgemini_sophia\tp perso\user-registration\target\classes started by mtamedi in C:\Users\mtamedi\IdeaProjects\capgemini_sophia\tp perso\user-registration)
2024-06-10 15:19:06.910  INFO 13672 --- [restartedMain] c.e.u.UserRegistrationApplication        : No active profile set, falling back to 1 default profile: "default"
2024-06-10 15:19:06.949  INFO 13672 --- [restartedMain] .e.DevToolsPropertyDefaultsPostProcessor : Devtools property defaults active! Set 'spring.devtools.add-properties' to 'false' to disable
2024-06-10 15:19:06.949  INFO 13672 --- [restartedMain] .e.DevToolsPropertyDefaultsPostProcessor : For additional web related logging consider setting the 'logging.level.web' property to 'DEBUG'
2024-06-10 15:19:07.407  INFO 13672 --- [restartedMain] .s.d.r.c.RepositoryConfigurationDelegate : Bootstrapping Spring Data MongoDB repositories in DEFAULT mode.
2024-06-10 15:19:07.450  INFO 13672 --- [restartedMain] .s.d.r.c.RepositoryConfigurationDelegate : Finished Spring Data repository scanning in 39 ms. Found 1 MongoDB repository interfaces.
2024-06-10 15:19:07.851  INFO 13672 --- [restartedMain] o.s.b.w.embedded.tomcat.TomcatWebServer  : Tomcat initialized with port(s): 8080 (http)
2024-06-10 15:19:07.858  INFO 13672 --- [restartedMain] o.apache.catalina.core.StandardService   : Starting service [Tomcat]
2024-06-10 15:19:07.859  INFO 13672 --- [restartedMain] org.apache.catalina.core.StandardEngine  : Starting Servlet engine: [Apache Tomcat/9.0.62]
2024-06-10 15:19:07.921  INFO 13672 --- [restartedMain] o.a.c.c.C.[Tomcat].[localhost].[/]       : Initializing Spring embedded WebApplicationContext
2024-06-10 15:19:07.922  INFO 13672 --- [restartedMain] w.s.c.ServletWebServerApplicationContext : Root WebApplicationContext: initialization completed in 973 ms
2024-06-10 15:19:08.020  INFO 13672 --- [restartedMain] org.mongodb.driver.cluster               : Cluster created with settings {hosts=[localhost:27017], mode=SINGLE, requiredClusterType=UNKNOWN, serverSelectionTimeout='30000 ms'}
2024-06-10 15:19:08.066  INFO 13672 --- [cluster-rtt-ClusterId{value='6666fd4c55680d7e7219d14a', description='null'}-localhost:27017] org.mongodb.driver.connection            : Opened connection [connectionId{localValue:2, serverValue:59}] to localhost:27017
2024-06-10 15:19:08.066  INFO 13672 --- [cluster-ClusterId{value='6666fd4c55680d7e7219d14a', description='null'}-localhost:27017] org.mongodb.driver.connection            : Opened connection [connectionId{localValue:1, serverValue:60}] to localhost:27017
2024-06-10 15:19:08.066  INFO 13672 --- [cluster-ClusterId{value='6666fd4c55680d7e7219d14a', description='null'}-localhost:27017] org.mongodb.driver.cluster               : Monitor thread successfully connected to server with description ServerDescription{address=localhost:27017, type=STANDALONE, state=CONNECTED, ok=true, minWireVersion=0, maxWireVersion=13, maxDocumentSize=16777216, logicalSessionTimeoutMinutes=30, roundTripTimeNanos=18109800}
2024-06-10 15:19:08.196  INFO 13672 --- [restartedMain] o.s.b.d.a.OptionalLiveReloadServer       : LiveReload server is running on port 35729
2024-06-10 15:19:08.616  INFO 13672 --- [restartedMain] o.s.b.w.embedded.tomcat.TomcatWebServer  : Tomcat started on port(s): 8080 (http) with context path ''
2024-06-10 15:19:08.626  INFO 13672 --- [restartedMain] c.e.u.UserRegistrationApplication        : Started UserRegistrationApplication in 2.057 seconds (JVM running for 2.931)
2024-06-10 15:19:35.285  INFO 13672 --- [http-nio-8080-exec-2] o.a.c.c.C.[Tomcat].[localhost].[/]       : Initializing Spring DispatcherServlet 'dispatcherServlet'
2024-06-10 15:19:35.286  INFO 13672 --- [http-nio-8080-exec-2] o.s.web.servlet.DispatcherServlet        : Initializing Servlet 'dispatcherServlet'
2024-06-10 15:19:35.287  INFO 13672 --- [http-nio-8080-exec-2] o.s.web.servlet.DispatcherServlet        : Completed initialization in 1 ms
2024-06-10 15:19:35.517  INFO 13672 --- [http-nio-8080-exec-2] org.mongodb.driver.connection            : Opened connection [connectionId{localValue:3, serverValue:61}] to localhost:27017
2024-06-10 15:19:35.539  INFO 13672 --- [http-nio-8080-exec-2] c.e.u.service.UserService                : Created user: User(id=6666fd6755680d7e7219d14b, name=ACTIVE4, age=27, country=France, email=assia@gmail.com, phoneNumber=06070874, status=ACTIVE)
2024-06-10 15:19:35.547  INFO 13672 --- [http-nio-8080-exec-2] c.e.u.service.UserService                : Processing time for saveUser: 75 ms
2024-06-10 15:19:45.791 ERROR 13672 --- [http-nio-8080-exec-3] c.e.u.exception.GlobalExceptionHandler   : Erreur de validation des champs : {country=Only users from France can register}
2024-06-10 15:19:45.797  WARN 13672 --- [http-nio-8080-exec-3] .m.m.a.ExceptionHandlerExceptionResolver : Resolved [org.springframework.web.bind.MethodArgumentNotValidException: Validation failed for argument [0] in public org.springframework.http.ResponseEntity<com.example.userregistration.model.User> com.example.userregistration.controller.UserController.createUser(com.example.userregistration.model.User): [Field error in object 'user' on field 'country': rejected value [Franc]; codes [Pattern.user.country,Pattern.country,Pattern.java.lang.String,Pattern]; arguments [org.springframework.context.support.DefaultMessageSourceResolvable: codes [user.country,country]; arguments []; default message [country],[Ljavax.validation.constraints.Pattern$Flag;@3640746a,France]; default message [Only users from France can register]] ]
2024-06-10 15:19:53.530 ERROR 13672 --- [http-nio-8080-exec-5] c.e.u.exception.GlobalExceptionHandler   : Erreur de validation des champs : {country=Only users from France can register, age=Age should be greater than or equal to 18}
2024-06-10 15:19:53.531  WARN 13672 --- [http-nio-8080-exec-5] .m.m.a.ExceptionHandlerExceptionResolver : Resolved [org.springframework.web.bind.MethodArgumentNotValidException: Validation failed for argument [0] in public org.springframework.http.ResponseEntity<com.example.userregistration.model.User> com.example.userregistration.controller.UserController.createUser(com.example.userregistration.model.User) with 2 errors: [Field error in object 'user' on field 'country': rejected value [Franc]; codes [Pattern.user.country,Pattern.country,Pattern.java.lang.String,Pattern]; arguments [org.springframework.context.support.DefaultMessageSourceResolvable: codes [user.country,country]; arguments []; default message [country],[Ljavax.validation.constraints.Pattern$Flag;@3640746a,France]; default message [Only users from France can register]] [Field error in object 'user' on field 'age': rejected value [17]; codes [Min.user.age,Min.age,Min.java.lang.Integer,Min]; arguments [org.springframework.context.support.DefaultMessageSourceResolvable: codes [user.age,age]; arguments []; default message [age],18]; default message [Age should be greater than or equal to 18]] ]
2024-06-10 15:20:04.197  INFO 13672 --- [http-nio-8080-exec-7] c.e.u.service.UserService                : Found users with status ACTIVE: [User(id=6666faa0fe3b5c73e63996da, name=ACTIVE3, age=27, country=France, email=assia@gmail.com, phoneNumber=06070874, status=ACTIVE), User(id=6666faaefe3b5c73e63996db, name=ACTIVE2, age=27, country=France, email=assia@gmail.com, phoneNumber=06070874, status=ACTIVE), User(id=6666fd6755680d7e7219d14b, name=ACTIVE4, age=27, country=France, email=assia@gmail.com, phoneNumber=06070874, status=ACTIVE)]
2024-06-10 15:20:04.198  INFO 13672 --- [http-nio-8080-exec-7] c.e.u.service.UserService                : Processing time for getUsersByStatus: 44 ms
